app/build/intermediates/manifest_merge_blame_file/debug/manifest-merger-blame-debug-report.txt
1<?xml version="1.0" encoding="utf-8"?>
2<manifest xmlns:android="http://schemas.android.com/apk/res/android"
3    package="com.example.planets"
4    android:versionCode="1"
5    android:versionName="1.0" >
6
7    <uses-sdk
8        android:minSdkVersion="21"
8-->src\main\AndroidManifest.xml
9        android:targetSdkVersion="32" />
9-->src\main\AndroidManifest.xml
10
11    <uses-permission android:name="android.permission.INTERNET" />
11-->src\main\AndroidManifest.xml:5:5-67
11-->src\main\AndroidManifest.xml:5:22-64
12    <uses-permission android:name="android.permission.ACCESS_HANDOVER" />
12-->src\main\AndroidManifest.xml:6:5-74
12-->src\main\AndroidManifest.xml:6:22-71
13
14    <application
14-->src\main\AndroidManifest.xml:8:5-49:19
15        android:allowBackup="true"
15-->src\main\AndroidManifest.xml:9:9-35
16        android:appComponentFactory="androidx.core.app.CoreComponentFactory"
16-->[androidx.core:core:1.8.0] AndroidManifest.xml:24:18-86
17        android:dataExtractionRules="@xml/data_extraction_rules"
17-->src\main\AndroidManifest.xml:10:9-65
18        android:debuggable="true"
19        android:fullBackupContent="@xml/backup_rules"
19-->src\main\AndroidManifest.xml:11:9-54
20        android:icon="@mipmap/ic_launcher"
20-->src\main\AndroidManifest.xml:12:9-43
21        android:label="@string/app_name"
21-->src\main\AndroidManifest.xml:13:9-41
22        android:roundIcon="@mipmap/ic_launcher_round"
22-->src\main\AndroidManifest.xml:14:9-54
23        android:supportsRtl="true"
23-->src\main\AndroidManifest.xml:15:9-35
24        android:testOnly="true"
25        android:theme="@style/Theme.Planets" >
25-->src\main\AndroidManifest.xml:16:9-45
26        <activity
26-->src\main\AndroidManifest.xml:18:9-30:20
27            android:name="com.example.planets.MainActivity"
27-->src\main\AndroidManifest.xml:19:13-41
28            android:exported="true" >
28-->src\main\AndroidManifest.xml:20:13-36
29            <intent-filter>
29-->src\main\AndroidManifest.xml:21:13-25:29
30                <action android:name="android.intent.action.MAIN" />
30-->src\main\AndroidManifest.xml:22:17-69
30-->src\main\AndroidManifest.xml:22:25-66
31
32                <category android:name="android.intent.category.LAUNCHER" />
32-->src\main\AndroidManifest.xml:24:17-77
32-->src\main\AndroidManifest.xml:24:27-74
33            </intent-filter>
34
35            <meta-data
35-->src\main\AndroidManifest.xml:27:13-29:36
36                android:name="android.app.lib_name"
36-->src\main\AndroidManifest.xml:28:17-52
37                android:value="" />
37-->src\main\AndroidManifest.xml:29:17-33
38        </activity>
39        <activity
39-->src\main\AndroidManifest.xml:31:9-36:20
40            android:name="com.example.planets.UpdateActivity"
40-->src\main\AndroidManifest.xml:31:19-49
41            android:exported="false" >
41-->src\main\AndroidManifest.xml:32:13-37
42            <meta-data
42-->src\main\AndroidManifest.xml:27:13-29:36
43                android:name="android.app.lib_name"
43-->src\main\AndroidManifest.xml:28:17-52
44                android:value="" />
44-->src\main\AndroidManifest.xml:29:17-33
45        </activity>
46        <activity
46-->src\main\AndroidManifest.xml:37:9-42:20
47            android:name="com.example.planets.AddActivity"
47-->src\main\AndroidManifest.xml:37:19-46
48            android:exported="false" >
48-->src\main\AndroidManifest.xml:38:13-37
49            <meta-data
49-->src\main\AndroidManifest.xml:27:13-29:36
50                android:name="android.app.lib_name"
50-->src\main\AndroidManifest.xml:28:17-52
51                android:value="" />
51-->src\main\AndroidManifest.xml:29:17-33
52        </activity>
53        <activity
53-->src\main\AndroidManifest.xml:43:9-48:20
54            android:name="com.example.planets.Mask"
54-->src\main\AndroidManifest.xml:43:19-39
55            android:exported="false" >
55-->src\main\AndroidManifest.xml:44:13-37
56            <meta-data
56-->src\main\AndroidManifest.xml:27:13-29:36
57                android:name="android.app.lib_name"
57-->src\main\AndroidManifest.xml:28:17-52
58                android:value="" />
58-->src\main\AndroidManifest.xml:29:17-33
59        </activity>
60
61        <provider
61-->[androidx.emoji2:emoji2:1.2.0] AndroidManifest.xml:24:9-32:20
62            android:name="androidx.startup.InitializationProvider"
62-->[androidx.emoji2:emoji2:1.2.0] AndroidManifest.xml:25:13-67
63            android:authorities="com.example.planets.androidx-startup"
63-->[androidx.emoji2:emoji2:1.2.0] AndroidManifest.xml:26:13-68
64            android:exported="false" >
64-->[androidx.emoji2:emoji2:1.2.0] AndroidManifest.xml:27:13-37
65            <meta-data
65-->[androidx.emoji2:emoji2:1.2.0] AndroidManifest.xml:29:13-31:52
66                android:name="androidx.emoji2.text.EmojiCompatInitializer"
66-->[androidx.emoji2:emoji2:1.2.0] AndroidManifest.xml:30:17-75
67                android:value="androidx.startup" />
67-->[androidx.emoji2:emoji2:1.2.0] AndroidManifest.xml:31:17-49
68            <meta-data
68-->[androidx.lifecycle:lifecycle-process:2.4.1] AndroidManifest.xml:31:13-33:52
69                android:name="androidx.lifecycle.ProcessLifecycleInitializer"
69-->[androidx.lifecycle:lifecycle-process:2.4.1] AndroidManifest.xml:32:17-78
70                android:value="androidx.startup" />
70-->[androidx.lifecycle:lifecycle-process:2.4.1] AndroidManifest.xml:33:17-49
71        </provider>
72    </application>
73
74</manifest>